#
# There is insufficient memory for the Java Runtime Environment to continue.
# Native memory allocation (mmap) failed to map 266338304 bytes for Failed to commit area from 0x0000000702600000 to 0x0000000712400000 of length 266338304.
# Possible reasons:
#   The system is out of physical RAM or swap space
#   The process is running with CompressedOops enabled, and the Java Heap may be blocking the growth of the native heap
# Possible solutions:
#   Reduce memory load on the system
#   Increase physical memory or swap space
#   Check if swap backing store is full
#   Decrease Java heap size (-Xmx/-Xms)
#   Decrease number of Java threads
#   Decrease Java thread stack sizes (-Xss)
#   Set larger code cache with -XX:ReservedCodeCacheSize=
# This output file may be truncated or incomplete.
#
#  Out of Memory Error (./src/hotspot/os/windows/os_windows.cpp:3619), pid=27252, tid=14720
#
# JRE version:  (11.0.13+7) (build )
# Java VM: OpenJDK 64-Bit Server VM (11.0.13+7-b1751.21, mixed mode, sharing, tiered, compressed oops, g1 gc, windows-amd64)
# No core dump will be written. Minidumps are not enabled by default on client versions of Windows
#

---------------  S U M M A R Y ------------

Command Line: git4idea.http.GitAskPassApp Username for 'https://github.com': 

Host: Intel(R) Core(TM) i7-9700 CPU @ 3.00GHz, 8 cores, 15G,  Windows 10 , 64 bit Build 19041 (10.0.19041.1706)
Time: Tue Jun 14 12:39:47 2022 台北標準時間 elapsed time: 0.008167 seconds (0d 0h 0m 0s)

---------------  T H R E A D  ---------------

Current thread (0x000001d87dcc4000):  JavaThread "Unknown thread" [_thread_in_vm, id=14720, stack(0x000000d62ef00000,0x000000d62f000000)]

Stack: [0x000000d62ef00000,0x000000d62f000000]
Native frames: (J=compiled Java code, j=interpreted, Vv=VM code, C=native code)
V  [jvm.dll+0x613daa]
V  [jvm.dll+0x799b30]
V  [jvm.dll+0x79b14d]
V  [jvm.dll+0x79b823]
V  [jvm.dll+0x24c958]
V  [jvm.dll+0x610e24]
V  [jvm.dll+0x605b25]
V  [jvm.dll+0x30aaab]
V  [jvm.dll+0x30aa1a]
V  [jvm.dll+0x30a8f2]
V  [jvm.dll+0x30f856]
V  [jvm.dll+0x359143]
V  [jvm.dll+0x359846]
V  [jvm.dll+0x359243]
V  [jvm.dll+0x2e57a8]
V  [jvm.dll+0x2e6947]
V  [jvm.dll+0x776d47]
V  [jvm.dll+0x77853c]
V  [jvm.dll+0x3666c9]
V  [jvm.dll+0x75a9ce]
V  [jvm.dll+0x3d47d3]
V  [jvm.dll+0x3d6d21]
C  [jli.dll+0x536b]
C  [ucrtbase.dll+0x21bb2]
C  [KERNEL32.DLL+0x17034]
C  [ntdll.dll+0x52651]


---------------  P R O C E S S  ---------------

Threads class SMR info:
_java_thread_list=0x000001d87bb74d40, length=0, elements={
}

Java Threads: ( => current thread )

Other Threads:
  0x000001d87dcd9000 GCTaskThread "GC Thread#0" [stack: 0x000000d62f000000,0x000000d62f100000] [id=10544]
  0x000001d87dd34000 ConcurrentGCThread "G1 Main Marker" [stack: 0x000000d62f100000,0x000000d62f200000] [id=16728]
  0x000001d87dd36800 ConcurrentGCThread "G1 Conc#0" [stack: 0x000000d62f200000,0x000000d62f300000] [id=27028]

[error occurred during error reporting (printing all threads), id 0xc0000005, EXCEPTION_ACCESS_VIOLATION (0xc0000005) at pc=0x00007ffff86f5c97]

VM state:not at safepoint (not fully initialized)

VM Mutex/Monitor currently owned by a thread:  ([mutex/lock_event])
[0x000001d87dcc0a80] Heap_lock - owner thread: 0x000001d87dcc4000

Heap address: 0x0000000702600000, size: 4058 MB, Compressed Oops mode: Non-zero based: 0x0000000702600000
Narrow klass base: 0x0000000000000000, Narrow klass shift: 0

GC Heap History (0 events):
No events

Deoptimization events (0 events):
No events

Classes redefined (0 events):
No events

Internal exceptions (0 events):
No events

Events (1 events):
Event: 0.004 Loaded shared library C:\Program Files\JetBrains\PyCharm Community Edition 2021.3.1\jbr\bin\zip.dll


Dynamic libraries:
0x00007ff61cc50000 - 0x00007ff61cc5a000 	C:\Program Files\JetBrains\PyCharm Community Edition 2021.3.1\jbr\bin\java.exe
0x00007ff863830000 - 0x00007ff863a25000 	C:\WINDOWS\SYSTEM32\ntdll.dll
0x00007ff862400000 - 0x00007ff8624bd000 	C:\WINDOWS\System32\KERNEL32.DLL
0x00007ff861180000 - 0x00007ff86144d000 	C:\WINDOWS\System32\KERNELBASE.dll
0x00007ff861710000 - 0x00007ff861810000 	C:\WINDOWS\System32\ucrtbase.dll
0x00007ff831040000 - 0x00007ff831057000 	C:\Program Files\JetBrains\PyCharm Community Edition 2021.3.1\jbr\bin\VCRUNTIME140.dll
0x00007ff830ab0000 - 0x00007ff830ac9000 	C:\Program Files\JetBrains\PyCharm Community Edition 2021.3.1\jbr\bin\jli.dll
0x00007ff863540000 - 0x00007ff8636e0000 	C:\WINDOWS\System32\USER32.dll
0x00007ff8616b0000 - 0x00007ff8616d2000 	C:\WINDOWS\System32\win32u.dll
0x00007ff83b980000 - 0x00007ff83bc1a000 	C:\WINDOWS\WinSxS\amd64_microsoft.windows.common-controls_6595b64144ccf1df_6.0.19041.1110_none_60b5254171f9507e\COMCTL32.dll
0x00007ff862b10000 - 0x00007ff862b3a000 	C:\WINDOWS\System32\GDI32.dll
0x00007ff862220000 - 0x00007ff8622be000 	C:\WINDOWS\System32\msvcrt.dll
0x00007ff861500000 - 0x00007ff86160b000 	C:\WINDOWS\System32\gdi32full.dll
0x00007ff861610000 - 0x00007ff8616ad000 	C:\WINDOWS\System32\msvcp_win.dll
0x00007ff862cf0000 - 0x00007ff862d20000 	C:\WINDOWS\System32\IMM32.DLL
0x00007ff82ae70000 - 0x00007ff82af0d000 	C:\Program Files\JetBrains\PyCharm Community Edition 2021.3.1\jbr\bin\msvcp140.dll
0x00007ffff8400000 - 0x00007ffff8f76000 	C:\Program Files\JetBrains\PyCharm Community Edition 2021.3.1\jbr\bin\server\jvm.dll
0x00007ff862d20000 - 0x00007ff862dce000 	C:\WINDOWS\System32\ADVAPI32.dll
0x00007ff8629a0000 - 0x00007ff862a3c000 	C:\WINDOWS\System32\sechost.dll
0x00007ff862090000 - 0x00007ff8621b5000 	C:\WINDOWS\System32\RPCRT4.dll
0x00007ff8636e0000 - 0x00007ff8636e8000 	C:\WINDOWS\System32\PSAPI.DLL
0x00007ff85ca70000 - 0x00007ff85ca79000 	C:\WINDOWS\SYSTEM32\WSOCK32.dll
0x00007ff84b170000 - 0x00007ff84b197000 	C:\WINDOWS\SYSTEM32\WINMM.dll
0x00007ff863780000 - 0x00007ff8637eb000 	C:\WINDOWS\System32\WS2_32.dll
0x00007ff85b2b0000 - 0x00007ff85b2ba000 	C:\WINDOWS\SYSTEM32\VERSION.dll
0x00007ff85ee60000 - 0x00007ff85ee72000 	C:\WINDOWS\SYSTEM32\kernel.appcore.dll
0x00007ff85c510000 - 0x00007ff85c521000 	C:\Program Files\JetBrains\PyCharm Community Edition 2021.3.1\jbr\bin\verify.dll
0x00007ff84edd0000 - 0x00007ff84efb4000 	C:\WINDOWS\SYSTEM32\DBGHELP.DLL
0x00007ff84c3d0000 - 0x00007ff84c3fc000 	C:\WINDOWS\SYSTEM32\dbgcore.DLL
0x00007ff8610f0000 - 0x00007ff861172000 	C:\WINDOWS\System32\bcryptPrimitives.dll
0x00007ff859970000 - 0x00007ff859999000 	C:\Program Files\JetBrains\PyCharm Community Edition 2021.3.1\jbr\bin\java.dll
0x00007ff85c9c0000 - 0x00007ff85c9cb000 	C:\Program Files\JetBrains\PyCharm Community Edition 2021.3.1\jbr\bin\jimage.dll
0x00007ff8599f0000 - 0x00007ff859a08000 	C:\Program Files\JetBrains\PyCharm Community Edition 2021.3.1\jbr\bin\zip.dll

dbghelp: loaded successfully - version: 4.0.5 - missing functions: none
symbol engine: initialized successfully - sym options: 0x614 - pdb path: .;C:\Program Files\JetBrains\PyCharm Community Edition 2021.3.1\jbr\bin;C:\WINDOWS\SYSTEM32;C:\WINDOWS\WinSxS\amd64_microsoft.windows.common-controls_6595b64144ccf1df_6.0.19041.1110_none_60b5254171f9507e;C:\Program Files\JetBrains\PyCharm Community Edition 2021.3.1\jbr\bin\server

VM Arguments:
java_command: git4idea.http.GitAskPassApp Username for 'https://github.com': 
java_class_path (initial): C:/Program Files/JetBrains/PyCharm Community Edition 2021.3.1/plugins/git4idea/lib/git4idea-rt.jar;C:/Program Files/JetBrains/PyCharm Community Edition 2021.3.1/lib/3rd-party.jar;C:/Program Files/JetBrains/PyCharm Community Edition 2021.3.1/lib/3rd-party-rt.jar
Launcher Type: SUN_STANDARD

[Global flags]
     intx CICompilerCount                          = 4                                         {product} {ergonomic}
     uint ConcGCThreads                            = 2                                         {product} {ergonomic}
     uint G1ConcRefinementThreads                  = 8                                         {product} {ergonomic}
   size_t G1HeapRegionSize                         = 1048576                                   {product} {ergonomic}
    uintx GCDrainStackTargetSize                   = 64                                        {product} {ergonomic}
   size_t InitialHeapSize                          = 266338304                                 {product} {ergonomic}
   size_t MarkStackSize                            = 4194304                                   {product} {ergonomic}
   size_t MaxHeapSize                              = 4255121408                                {product} {ergonomic}
   size_t MinHeapDeltaBytes                        = 1048576                                   {product} {ergonomic}
    uintx NonNMethodCodeHeapSize                   = 5836300                                {pd product} {ergonomic}
    uintx NonProfiledCodeHeapSize                  = 122910970                              {pd product} {ergonomic}
    uintx ProfiledCodeHeapSize                     = 122910970                              {pd product} {ergonomic}
    uintx ReservedCodeCacheSize                    = 251658240                              {pd product} {ergonomic}
     bool SegmentedCodeCache                       = true                                      {product} {ergonomic}
     bool UseCompressedClassPointers               = true                                 {lp64_product} {ergonomic}
     bool UseCompressedOops                        = true                                 {lp64_product} {ergonomic}
     bool UseG1GC                                  = true                                      {product} {ergonomic}
     bool UseLargePagesIndividualAllocation        = false                                  {pd product} {ergonomic}

Logging:
Log output configuration:
 #0: stdout all=warning uptime,level,tags
 #1: stderr all=off uptime,level,tags

Environment Variables:
PATH=C:/Program Files/Git/mingw64/libexec/git-core;C:/Program Files/Git/mingw64/libexec/git-core;C:\Program Files\Git\mingw64\bin;C:\Program Files\Git\usr\bin;C:\Users\Vivian\bin;C:\Users\Vivian\anaconda3;C:\Users\Vivian\anaconda3\Library\mingw-w64\bin;C:\Users\Vivian\anaconda3\Library\usr\bin;C:\Users\Vivian\anaconda3\Library\bin;C:\Users\Vivian\anaconda3\Scripts;C:\Users\Vivian\anaconda3\bin;C:\Users\Vivian\anaconda3\condabin;C:\Program Files\Eclipse Foundation\jdk-8.0.302.8-hotspot\bin;C:\Program Files (x86)\Common Files\Oracle\Java\javapath;C:\WINDOWS\system32;C:\WINDOWS;C:\WINDOWS\System32\Wbem;C:\WINDOWS\System32\WindowsPowerShell\v1.0;C:\WINDOWS\System32\OpenSSH;C:\Users\Vivian\anaconda3;C:\Users\Vivian\anaconda3\Library\bin;C:\Users\Vivian\anaconda3\Scripts;C:\Program Files\Microsoft SQL Server\130\Tools\Binn;C:\Program Files\Microsoft SQL Server\Client SDK\ODBC\170\Tools\Binn;C:\Program Files\MATLAB\R2020b\bin;C:\Program Files\MATLAB\R2020a\bin;C:\Program Files\Git\cmd;C:\Program Files (x86)\Microsoft SQL Server\150\DTS\Binn;C:\Program Files\Azure Data Studio\bin;C:\Program Files (x86)\Microsoft SQL Server\150\Tools\Binn;C:\Program Files\Microsoft SQL Server\150\Tools\Binn;C:\Program Files\Microsoft SQL Server\150\DTS\Binn;C:\Program Files\dotnet;C:\Users\Vivian\AppData\Local\Mu\bin;C:\Program Files\MySQL\MySQL Shell 8.0\bin;C:\Users\Vivian\AppData\Local\Microsoft\WindowsApps;C:\Users\Vivian\AppData\Local\Programs\Microsoft VS Code\bin;C:\Users\Vivian\AppData\Local\Programs\MiKTeX\miktex\bin\x64;C:\Users\palla\Anaconda3\Lib\site-packages\zmq;.;C:\Program Files\Azure Data Studio\bin;C:\Users\Vivian\.dotnet\tools
USERNAME=Vivian
DISPLAY=:0.0
LC_ALL=en_US.UTF-8
OS=Windows_NT
PROCESSOR_IDENTIFIER=Intel64 Family 6 Model 158 Stepping 13, GenuineIntel



---------------  S Y S T E M  ---------------

OS: Windows 10 , 64 bit Build 19041 (10.0.19041.1706)
OS uptime: 8 days 22:43 hours

CPU:total 8 (initial active 8) (8 cores per cpu, 1 threads per core) family 6 model 158 stepping 13 microcode 0xb8, cmov, cx8, fxsr, mmx, sse, sse2, sse3, ssse3, sse4.1, sse4.2, popcnt, avx, avx2, aes, clmul, erms, rtm, 3dnowpref, lzcnt, tsc, tscinvbit, bmi1, bmi2, adx, fma

Memory: 4k page, system-wide physical 16228M (389M free)
TotalPageFile size 65297M (AvailPageFile size 157M)
current process WorkingSet (physical memory assigned to process): 10M, peak: 10M
current process commit charge ("private bytes"): 60M, peak: 314M

vm_info: OpenJDK 64-Bit Server VM (11.0.13+7-b1751.21) for windows-amd64 JRE (11.0.13+7-b1751.21), built on Nov 30 2021 02:32:50 by "" with MS VC++ 14.0 (VS2015)

END.
